[debug] [2024-03-27T06:51:06.328Z] ----------------------------------------------------------------------
[debug] [2024-03-27T06:51:06.331Z] Command:       C:\Program Files\nodejs\node.exe C:\Program Files\nodejs\node_modules\firebase-tools\lib\bin\firebase.js init functions
[debug] [2024-03-27T06:51:06.332Z] CLI Version:   13.5.2
[debug] [2024-03-27T06:51:06.332Z] Platform:      win32
[debug] [2024-03-27T06:51:06.332Z] Node Version:  v21.6.2
[debug] [2024-03-27T06:51:06.332Z] Time:          Wed Mar 27 2024 13:51:06 GMT+0700 (Indochina Time)
[debug] [2024-03-27T06:51:06.332Z] ----------------------------------------------------------------------
[debug] 
[debug] [2024-03-27T06:51:06.369Z] > command requires scopes: ["email","openid","https://www.googleapis.com/auth/cloudplatformprojects.readonly","https://www.googleapis.com/auth/firebase","https://www.googleapis.com/auth/cloud-platform"]
[debug] [2024-03-27T06:51:06.369Z] > authorizing via signed-in user (hothanhnhanhot@gmail.com)
[info] 
     ######## #### ########  ######## ########     ###     ######  ########
     ##        ##  ##     ## ##       ##     ##  ##   ##  ##       ##
     ######    ##  ########  ######   ########  #########  ######  ######
     ##        ##  ##    ##  ##       ##     ## ##     ##       ## ##
     ##       #### ##     ## ######## ########  ##     ##  ######  ########

You're about to initialize a Firebase project in this directory:

  D:\Code\drivers

[info] 
=== Project Setup
[info] 
[info] First, let's associate this project directory with a Firebase project.
[info] You can create multiple project aliases by running firebase use --add, 
[info] but for now we'll just set up a default project.
[info] 
[debug] [2024-03-27T06:56:09.976Z] > refreshing access token with scopes: []
[debug] [2024-03-27T06:56:09.978Z] >>> [apiv2][query] POST https://www.googleapis.com/oauth2/v3/token [none]
[debug] [2024-03-27T06:56:09.978Z] >>> [apiv2][body] POST https://www.googleapis.com/oauth2/v3/token [omitted]
[debug] [2024-03-27T06:56:10.737Z] <<< [apiv2][status] POST https://www.googleapis.com/oauth2/v3/token 200
[debug] [2024-03-27T06:56:10.737Z] <<< [apiv2][body] POST https://www.googleapis.com/oauth2/v3/token [omitted]
[debug] [2024-03-27T06:56:10.761Z] >>> [apiv2][query] GET https://firebase.googleapis.com/v1beta1/projects pageSize=100
[debug] [2024-03-27T06:56:11.353Z] <<< [apiv2][status] GET https://firebase.googleapis.com/v1beta1/projects 200
[debug] [2024-03-27T06:56:11.353Z] <<< [apiv2][body] GET https://firebase.googleapis.com/v1beta1/projects [omitted]
[info] i  Using project javaspringboot-78e20 (JavaSpringBoot) 
[info] 
=== Functions Setup
[debug] [2024-03-27T06:56:13.487Z] > command requires scopes: ["email","openid","https://www.googleapis.com/auth/cloudplatformprojects.readonly","https://www.googleapis.com/auth/firebase","https://www.googleapis.com/auth/cloud-platform"]
[debug] [2024-03-27T06:56:13.487Z] > authorizing via signed-in user (hothanhnhanhot@gmail.com)
[debug] [2024-03-27T06:56:13.488Z] [iam] checking project javaspringboot-78e20 for permissions ["firebase.projects.get"]
[debug] [2024-03-27T06:56:13.488Z] >>> [apiv2][query] POST https://cloudresourcemanager.googleapis.com/v1/projects/javaspringboot-78e20:testIamPermissions [none]
[debug] [2024-03-27T06:56:13.488Z] >>> [apiv2][(partial)header] POST https://cloudresourcemanager.googleapis.com/v1/projects/javaspringboot-78e20:testIamPermissions x-goog-quota-user=projects/javaspringboot-78e20
[debug] [2024-03-27T06:56:13.488Z] >>> [apiv2][body] POST https://cloudresourcemanager.googleapis.com/v1/projects/javaspringboot-78e20:testIamPermissions {"permissions":["firebase.projects.get"]}
[debug] [2024-03-27T06:56:13.962Z] <<< [apiv2][status] POST https://cloudresourcemanager.googleapis.com/v1/projects/javaspringboot-78e20:testIamPermissions 200
[debug] [2024-03-27T06:56:13.962Z] <<< [apiv2][body] POST https://cloudresourcemanager.googleapis.com/v1/projects/javaspringboot-78e20:testIamPermissions {"permissions":["firebase.projects.get"]}
[debug] [2024-03-27T06:56:13.963Z] >>> [apiv2][query] GET https://serviceusage.googleapis.com/v1/projects/javaspringboot-78e20/services/cloudfunctions.googleapis.com [none]
[debug] [2024-03-27T06:56:13.963Z] >>> [apiv2][(partial)header] GET https://serviceusage.googleapis.com/v1/projects/javaspringboot-78e20/services/cloudfunctions.googleapis.com x-goog-quota-user=projects/javaspringboot-78e20
[debug] [2024-03-27T06:56:13.964Z] >>> [apiv2][query] GET https://serviceusage.googleapis.com/v1/projects/javaspringboot-78e20/services/runtimeconfig.googleapis.com [none]
[debug] [2024-03-27T06:56:13.964Z] >>> [apiv2][(partial)header] GET https://serviceusage.googleapis.com/v1/projects/javaspringboot-78e20/services/runtimeconfig.googleapis.com x-goog-quota-user=projects/javaspringboot-78e20
[debug] [2024-03-27T06:56:15.304Z] <<< [apiv2][status] GET https://serviceusage.googleapis.com/v1/projects/javaspringboot-78e20/services/runtimeconfig.googleapis.com 200
[debug] [2024-03-27T06:56:15.304Z] <<< [apiv2][body] GET https://serviceusage.googleapis.com/v1/projects/javaspringboot-78e20/services/runtimeconfig.googleapis.com [omitted]
[debug] [2024-03-27T06:56:22.718Z] <<< [apiv2][status] GET https://serviceusage.googleapis.com/v1/projects/javaspringboot-78e20/services/cloudfunctions.googleapis.com 200
[debug] [2024-03-27T06:56:22.719Z] <<< [apiv2][body] GET https://serviceusage.googleapis.com/v1/projects/javaspringboot-78e20/services/cloudfunctions.googleapis.com [omitted]
[debug] [2024-03-27T06:56:22.719Z] >>> [apiv2][query] POST https://serviceusage.googleapis.com/v1/projects/javaspringboot-78e20/services/cloudfunctions.googleapis.com:enable [none]
[debug] [2024-03-27T06:56:22.719Z] >>> [apiv2][(partial)header] POST https://serviceusage.googleapis.com/v1/projects/javaspringboot-78e20/services/cloudfunctions.googleapis.com:enable x-goog-quota-user=projects/javaspringboot-78e20
[debug] [2024-03-27T06:56:24.106Z] <<< [apiv2][status] POST https://serviceusage.googleapis.com/v1/projects/javaspringboot-78e20/services/cloudfunctions.googleapis.com:enable 200
[debug] [2024-03-27T06:56:24.106Z] <<< [apiv2][body] POST https://serviceusage.googleapis.com/v1/projects/javaspringboot-78e20/services/cloudfunctions.googleapis.com:enable [omitted]
[debug] [2024-03-27T06:56:34.121Z] >>> [apiv2][query] GET https://serviceusage.googleapis.com/v1/projects/javaspringboot-78e20/services/cloudfunctions.googleapis.com [none]
[debug] [2024-03-27T06:56:34.121Z] >>> [apiv2][(partial)header] GET https://serviceusage.googleapis.com/v1/projects/javaspringboot-78e20/services/cloudfunctions.googleapis.com x-goog-quota-user=projects/javaspringboot-78e20
[debug] [2024-03-27T06:56:35.383Z] <<< [apiv2][status] GET https://serviceusage.googleapis.com/v1/projects/javaspringboot-78e20/services/cloudfunctions.googleapis.com 200
[debug] [2024-03-27T06:56:35.383Z] <<< [apiv2][body] GET https://serviceusage.googleapis.com/v1/projects/javaspringboot-78e20/services/cloudfunctions.googleapis.com [omitted]
[info] Let's create a new codebase for your functions.
[info] A directory corresponding to the codebase will be created in your project
[info] with sample code pre-configured.

[info] See https://firebase.google.com/docs/functions/organize-functions for
[info] more information on organizing your functions using codebases.

[info] Functions can be deployed with firebase deploy.

